<?xml version="1.0" encoding="UTF-8"?>
<!-- Generated by org.testng.reporters.JUnitReportReporter -->
<testsuite hostname="DESKTOP-UB7KQ0Q" failures="0" tests="1" name="com.automation.qa.test.Login" time="10.643" errors="0" timestamp="2024-09-06T14:31:34 IST" skipped="0">
  <testcase classname="com.automation.qa.test.Login" name="registerUserWithExistingEmail" time="10.643"/>
</testsuite> <!-- com.automation.qa.test.Login -->
