<?xml version="1.0" encoding="UTF-8"?>
<!-- Generated by org.testng.reporters.JUnitReportReporter -->
<testsuite hostname="DESKTOP-UB7KQ0Q" failures="0" tests="1" name="com.testsigma.qa.test.SignUp" time="6.696" errors="0" timestamp="2024-07-09T14:22:19 IST" skipped="0">
  <testcase classname="com.testsigma.qa.test.SignUp" name="LoginAfterSignUp" time="6.696"/>
</testsuite> <!-- com.testsigma.qa.test.SignUp -->
